
Copyright (C) 1994-2023 Synopsys, Inc.
This Synopsys software and all associated documentation are proprietary to Synopsys, Inc.
and may only be used pursuant to the terms and conditions of a written license agreement
with Synopsys, Inc. All other use, reproduction, modification, or distribution of the
Synopsys software or the associated documentation is strictly prohibited.
Tool: Synplify Pro (R)
Build: V-2023.09L-2
Install: D:\lscc\diamond\3.14\synpbase
OS: Windows 10 or later
Hostname: TEHOIN-PC

Implementation : syn_results

# Written on Mon Mar 31 07:11:33 2025

##### FILES SYNTAX CHECKED ##############################################
Constraint File(s):      "C:\dev\ac_in_ac_out_lab_power_supply\ecp5_build\IP\ip\main_pll\main_pll.fdc"

#Run constraint checker to find more issues with constraints.
#########################################################################



No issues found in constraint syntax.



Clock Summary
*************

          Start      Requested     Requested     Clock      Clock               Clock
Level     Clock      Frequency     Period        Type       Group               Load 
-------------------------------------------------------------------------------------
0 -       System     100.0 MHz     10.000        system     system_clkgroup     0    
=====================================================================================


Clock Load Summary
******************

           Clock     Source     Clock Pin       Non-clock Pin     Non-clock Pin
Clock      Load      Pin        Seq Example     Seq Example       Comb Example 
-------------------------------------------------------------------------------
System     0         -          -               -                 -            
===============================================================================
